<?xml version="1.0" encoding="UTF-8"?>
<!-- Generated by org.testng.reporters.JUnitReportReporter -->
<testsuite hostname="LIN66012183" failures="0" tests="1" name="testcases.Test2" time="7.178" errors="0" timestamp="2023-06-12T16:47:23 IST" skipped="0">
  <testcase classname="testcases.Test2" name="testcase2" time="7.178"/>
  <system-out/>
</testsuite> <!-- testcases.Test2 -->
