<?xml version="1.0" encoding="UTF-8"?>
<!-- Generated by org.testng.reporters.JUnitReportReporter -->
<testsuite hostname="LIN66012183" failures="0" tests="1" name="testcases.Test1" time="10.088" errors="0" timestamp="2023-06-12T16:01:10 IST" skipped="0">
  <testcase classname="testcases.Test1" name="testcase1" time="10.088"/>
  <system-out/>
</testsuite> <!-- testcases.Test1 -->
